[LOG] SystemI::init                            : FMOD Studio Version: 00010811 (79819)
[LOG] SystemI::init                            : maxchannels = 1024, flags = 00030000, extradriverdata = 0x0
[LOG] SystemI::close                           : 
[LOG] SystemI::close                           : Stop all sounds
[LOG] SystemI::close                           : done.

[LOG] OutputCoreAudio::enumerate               : Enumerating...
[LOG] OutputCoreAudio::enumerate               : Found output driver: "Built-in Output".
[LOG] OutputCoreAudio::enumerate               : Found output driver: "HDMI".
[LOG] OutputCoreAudio::enumerate               : Done.
[LOG] OutputCoreAudio::init                    : Output running 2 channels at 44100Hz sample rate.
[LOG] OutputCoreAudio::init                    : Maximum hardware read size: 1024 samples, Software buffer size: 512 samples, Number of software buffers: 4.
[WRN] SystemI::init                            : Output requires a sample rate of 44100Hz, resampling will occur.
[LOG] Thread::initThread                       : Initializing FMOD mixer thread.  priority 3
[LOG] Thread::initThread                       : - Stacksize 49152.  Stack pointer 0x0 : usesemaphore = 1 : sleeptime = 0
[LOG] Thread::callback                         : * FMOD mixer thread started
[LOG] SystemI::init                            : Set up emulated output
[LOG] SystemI::init                            : create the channel pool
[LOG] Thread::initThread                       : Initializing FMOD stream thread.  priority 2
[LOG] Thread::initThread                       : - Stacksize 65536.  Stack pointer 0x0 : usesemaphore = 0 : sleeptime = 10
[LOG] Thread::callback                         : * FMOD stream thread started
[LOG] Thread::initThread                       : Initializing FMOD Studio update thread.  priority 0
[LOG] Thread::initThread                       : - Stacksize 65536.  Stack pointer 0x0 : usesemaphore = 0 : sleeptime = 1
[LOG] Thread::callback                         : * FMOD Studio update thread started
[LOG] Thread::initThread                       : Initializing FMOD Studio sample load thread.  priority 0
[LOG] Thread::initThread                       : - Stacksize 65536.  Stack pointer 0x0 : usesemaphore = 0 : sleeptime = 1
[LOG] Thread::callback                         : * FMOD Studio sample load thread started
[LOG] LiveUpdate::init                         : 
[LOG] Thread::initThread                       : Initializing FMOD Studio bank load thread.  priority 0
[LOG] Thread::initThread                       : - Stacksize 65536.  Stack pointer 0x0 : usesemaphore = 0 : sleeptime = 1
[LOG] Thread::callback                         : * FMOD Studio bank load thread started
[LOG] Profile::init                            : Profiler listening on port: 9264
[LOG] Manager::readBank                        : fileversion = 79, compatVersion = 70 (oldest = 44, newest = 79)
[LOG] Manager::readBank                        : fileversion = 79, compatVersion = 70 (oldest = 44, newest = 79)
[LOG] PlaybackSystem::acquireMasterBus         : Setting master channel group format to 6
[LOG] SystemI::createSoundInternal             : filename =  : mode 02000202
[LOG] SystemI::createSoundInternal             : exinfo->cbsize             = 232
[LOG] SystemI::createSoundInternal             : exinfo->length             = 757536
[LOG] SystemI::createSoundInternal             : exinfo->fileoffset         = 38368
[LOG] SystemI::createSoundInternal             : exinfo->numsubsounds       = 1
[LOG] SystemI::createSoundInternal             : exinfo->inclusionlist      = 0x700000045b88
[LOG] SystemI::createSoundInternal             : exinfo->inclusionlistnum   = 1
[LOG] SystemI::createSoundInternal             : exinfo->suggestedsoundtype = 5
[LOG] SystemI::createSoundInternal             : exinfo->useropen           = 0x12ba0c364
[LOG] SystemI::createSoundInternal             : exinfo->userclose          = 0x12ba0c436
[LOG] SystemI::createSoundInternal             : exinfo->userread           = 0x12ba0c466
[LOG] SystemI::createSoundInternal             : exinfo->userseek           = 0x12ba0c503
[LOG] SystemI::createSoundInternal             : exinfo->fileuserdata       = 0x1349f3a28
[LOG] SystemI::createSoundInternal             : exinfo->initialseekpostype = 1
[LOG] SystemI::createSoundInternal             : Format has 1 subsounds.
[LOG] SystemI::createSoundInternal             : Create as FMOD_CREATESAMPLE
[LOG] SystemI::createSoundInternal             : Multi-sample sound (1 subsounds), create a sample container.
[LOG] SystemI::createSoundInternal             : creating subsound 0/1
[LOG] SystemI::createSample                    : mode 02000202 length 387448 samples, lengthbytes 110656
[LOG] SystemI::createSample                    : channels = 2
[LOG] SystemI::createSample                    : output = 0x122cf8e08
[LOG] OutputSoftware::createSample             : lengthpcm 387448, lengthbytes 110656, channels 2, format 2, freq 48000, mode 0200020a
[LOG] SystemI::createSoundInternal             : No name found in file, use filename.
[LOG] SystemI::createSoundInternal             : done.  OpenState now = FMOD_OPENSTATE_READY.

[LOG] SystemI::createSoundInternal             : filename =  : mode 02000202
[LOG] SystemI::createSoundInternal             : exinfo->cbsize             = 232
[LOG] SystemI::createSoundInternal             : exinfo->length             = 757536
[LOG] SystemI::createSoundInternal             : exinfo->fileoffset         = 38368
[LOG] SystemI::createSoundInternal             : exinfo->numsubsounds       = 1
[LOG] SystemI::createSoundInternal             : exinfo->inclusionlist      = 0x700000045b88
[LOG] SystemI::createSoundInternal             : exinfo->inclusionlistnum   = 1
[LOG] SystemI::createSoundInternal             : exinfo->suggestedsoundtype = 5
[LOG] SystemI::createSoundInternal             : exinfo->useropen           = 0x12ba0c364
[LOG] SystemI::createSoundInternal             : exinfo->userclose          = 0x12ba0c436
[LOG] SystemI::createSoundInternal             : exinfo->userread           = 0x12ba0c466
[LOG] SystemI::createSoundInternal             : exinfo->userseek           = 0x12ba0c503
[LOG] SystemI::createSoundInternal             : exinfo->fileuserdata       = 0x1349f3a28
[LOG] SystemI::createSoundInternal             : exinfo->initialseekpostype = 1
[LOG] SystemI::createSoundInternal             : Format has 1 subsounds.
[LOG] SystemI::createSoundInternal             : Create as FMOD_CREATESAMPLE
[LOG] SystemI::createSoundInternal             : Multi-sample sound (1 subsounds), create a sample container.
[LOG] SystemI::createSoundInternal             : creating subsound 0/1
[LOG] SystemI::createSample                    : mode 02000202 length 387448 samples, lengthbytes 110784
[LOG] SystemI::createSample                    : channels = 2
[LOG] SystemI::createSample                    : output = 0x122cf8e08
[LOG] OutputSoftware::createSample             : lengthpcm 387448, lengthbytes 110784, channels 2, format 2, freq 48000, mode 0200020a
[LOG] SystemI::createSoundInternal             : No name found in file, use filename.
[LOG] SystemI::createSoundInternal             : done.  OpenState now = FMOD_OPENSTATE_READY.

[LOG] SystemI::createSoundInternal             : filename =  : mode 02000202
[LOG] SystemI::createSoundInternal             : exinfo->cbsize             = 232
[LOG] SystemI::createSoundInternal             : exinfo->length             = 757536
[LOG] SystemI::createSoundInternal             : exinfo->fileoffset         = 38368
[LOG] SystemI::createSoundInternal             : exinfo->numsubsounds       = 1
[LOG] SystemI::createSoundInternal             : exinfo->inclusionlist      = 0x700000045b88
[LOG] SystemI::createSoundInternal             : exinfo->inclusionlistnum   = 1
[LOG] SystemI::createSoundInternal             : exinfo->suggestedsoundtype = 5
[LOG] SystemI::createSoundInternal             : exinfo->useropen           = 0x12ba0c364
[LOG] SystemI::createSoundInternal             : exinfo->userclose          = 0x12ba0c436
[LOG] SystemI::createSoundInternal             : exinfo->userread           = 0x12ba0c466
[LOG] SystemI::createSoundInternal             : exinfo->userseek           = 0x12ba0c503
[LOG] SystemI::createSoundInternal             : exinfo->fileuserdata       = 0x1349f3a28
[LOG] SystemI::createSoundInternal             : exinfo->initialseekpostype = 1
[LOG] SystemI::createSoundInternal             : Format has 1 subsounds.
[LOG] SystemI::createSoundInternal             : Create as FMOD_CREATESAMPLE
[LOG] SystemI::createSoundInternal             : Multi-sample sound (1 subsounds), create a sample container.
[LOG] SystemI::createSoundInternal             : creating subsound 0/1
[LOG] SystemI::createSample                    : mode 02000202 length 75232 samples, lengthbytes 17440
[LOG] SystemI::createSample                    : channels = 2
[LOG] SystemI::createSample                    : output = 0x122cf8e08
[LOG] OutputSoftware::createSample             : lengthpcm 75232, lengthbytes 17440, channels 2, format 2, freq 48000, mode 0200020a
[LOG] SystemI::createSoundInternal             : No name found in file, use filename.
[LOG] SystemI::createSoundInternal             : done.  OpenState now = FMOD_OPENSTATE_READY.

[LOG] SystemI::createSoundInternal             : filename =  : mode 02000202
[LOG] SystemI::createSoundInternal             : exinfo->cbsize             = 232
[LOG] SystemI::createSoundInternal             : exinfo->length             = 757536
[LOG] SystemI::createSoundInternal             : exinfo->fileoffset         = 38368
[LOG] SystemI::createSoundInternal             : exinfo->numsubsounds       = 1
[LOG] SystemI::createSoundInternal             : exinfo->inclusionlist      = 0x700000045b88
[LOG] SystemI::createSoundInternal             : exinfo->inclusionlistnum   = 1
[LOG] SystemI::createSoundInternal             : exinfo->suggestedsoundtype = 5
[LOG] SystemI::createSoundInternal             : exinfo->useropen           = 0x12ba0c364
[LOG] SystemI::createSoundInternal             : exinfo->userclose          = 0x12ba0c436
[LOG] SystemI::createSoundInternal             : exinfo->userread           = 0x12ba0c466
[LOG] SystemI::createSoundInternal             : exinfo->userseek           = 0x12ba0c503
[LOG] SystemI::createSoundInternal             : exinfo->fileuserdata       = 0x1349f3a28
[LOG] SystemI::createSoundInternal             : exinfo->initialseekpostype = 1
[LOG] SystemI::createSoundInternal             : Format has 1 subsounds.
[LOG] SystemI::createSoundInternal             : Create as FMOD_CREATESAMPLE
[LOG] SystemI::createSoundInternal             : Multi-sample sound (1 subsounds), create a sample container.
[LOG] SystemI::createSoundInternal             : creating subsound 0/1
[LOG] SystemI::createSample                    : mode 02000202 length 27585 samples, lengthbytes 3552
[LOG] SystemI::createSample                    : channels = 2
[LOG] SystemI::createSample                    : output = 0x122cf8e08
[LOG] OutputSoftware::createSample             : lengthpcm 27585, lengthbytes 3552, channels 2, format 2, freq 48000, mode 0200020a
[LOG] SystemI::createSoundInternal             : No name found in file, use filename.
[LOG] SystemI::createSoundInternal             : done.  OpenState now = FMOD_OPENSTATE_READY.

[LOG] SystemI::createSoundInternal             : filename =  : mode 02000202
[LOG] SystemI::createSoundInternal             : exinfo->cbsize             = 232
[LOG] SystemI::createSoundInternal             : exinfo->length             = 757536
[LOG] SystemI::createSoundInternal             : exinfo->fileoffset         = 38368
[LOG] SystemI::createSoundInternal             : exinfo->numsubsounds       = 1
[LOG] SystemI::createSoundInternal             : exinfo->inclusionlist      = 0x700000045b88
[LOG] SystemI::createSoundInternal             : exinfo->inclusionlistnum   = 1
[LOG] SystemI::createSoundInternal             : exinfo->suggestedsoundtype = 5
[LOG] SystemI::createSoundInternal             : exinfo->useropen           = 0x12ba0c364
[LOG] SystemI::createSoundInternal             : exinfo->userclose          = 0x12ba0c436
[LOG] SystemI::createSoundInternal             : exinfo->userread           = 0x12ba0c466
[LOG] SystemI::createSoundInternal             : exinfo->userseek           = 0x12ba0c503
[LOG] SystemI::createSoundInternal             : exinfo->fileuserdata       = 0x1349f3a28
[LOG] SystemI::createSoundInternal             : exinfo->initialseekpostype = 1
[LOG] SystemI::createSoundInternal             : Format has 1 subsounds.
[LOG] SystemI::createSoundInternal             : Create as FMOD_CREATESAMPLE
[LOG] SystemI::createSoundInternal             : Multi-sample sound (1 subsounds), create a sample container.
[LOG] SystemI::createSoundInternal             : creating subsound 0/1
[LOG] SystemI::createSample                    : mode 02000202 length 387448 samples, lengthbytes 111200
[LOG] SystemI::createSample                    : channels = 2
[LOG] SystemI::createSample                    : output = 0x122cf8e08
[LOG] OutputSoftware::createSample             : lengthpcm 387448, lengthbytes 111200, channels 2, format 2, freq 48000, mode 0200020a
[LOG] SystemI::createSoundInternal             : No name found in file, use filename.
[LOG] SystemI::createSoundInternal             : done.  OpenState now = FMOD_OPENSTATE_READY.

[LOG] SystemI::createSoundInternal             : filename =  : mode 02000202
[LOG] SystemI::createSoundInternal             : exinfo->cbsize             = 232
[LOG] SystemI::createSoundInternal             : exinfo->length             = 757536
[LOG] SystemI::createSoundInternal             : exinfo->fileoffset         = 38368
[LOG] SystemI::createSoundInternal             : exinfo->numsubsounds       = 1
[LOG] SystemI::createSoundInternal             : exinfo->inclusionlist      = 0x700000045b88
[LOG] SystemI::createSoundInternal             : exinfo->inclusionlistnum   = 1
[LOG] SystemI::createSoundInternal             : exinfo->suggestedsoundtype = 5
[LOG] SystemI::createSoundInternal             : exinfo->useropen           = 0x12ba0c364
[LOG] SystemI::createSoundInternal             : exinfo->userclose          = 0x12ba0c436
[LOG] SystemI::createSoundInternal             : exinfo->userread           = 0x12ba0c466
[LOG] SystemI::createSoundInternal             : exinfo->userseek           = 0x12ba0c503
[LOG] SystemI::createSoundInternal             : exinfo->fileuserdata       = 0x1349f3a28
[LOG] SystemI::createSoundInternal             : exinfo->initialseekpostype = 1
[LOG] SystemI::createSoundInternal             : Format has 1 subsounds.
[LOG] SystemI::createSoundInternal             : Create as FMOD_CREATESAMPLE
[LOG] SystemI::createSoundInternal             : Multi-sample sound (1 subsounds), create a sample container.
[LOG] SystemI::createSoundInternal             : creating subsound 0/1
[LOG] SystemI::createSample                    : mode 02000202 length 99056 samples, lengthbytes 24320
[LOG] SystemI::createSample                    : channels = 2
[LOG] SystemI::createSample                    : output = 0x122cf8e08
[LOG] OutputSoftware::createSample             : lengthpcm 99056, lengthbytes 24320, channels 2, format 2, freq 48000, mode 0200020a
[LOG] SystemI::createSoundInternal             : No name found in file, use filename.
[LOG] SystemI::createSoundInternal             : done.  OpenState now = FMOD_OPENSTATE_READY.

[LOG] SystemI::createSoundInternal             : filename =  : mode 02000202
[LOG] SystemI::createSoundInternal             : exinfo->cbsize             = 232
[LOG] SystemI::createSoundInternal             : exinfo->length             = 757536
[LOG] SystemI::createSoundInternal             : exinfo->fileoffset         = 38368
[LOG] SystemI::createSoundInternal             : exinfo->numsubsounds       = 1
[LOG] SystemI::createSoundInternal             : exinfo->inclusionlist      = 0x700000045b88
[LOG] SystemI::createSoundInternal             : exinfo->inclusionlistnum   = 1
[LOG] SystemI::createSoundInternal             : exinfo->suggestedsoundtype = 5
[LOG] SystemI::createSoundInternal             : exinfo->useropen           = 0x12ba0c364
[LOG] SystemI::createSoundInternal             : exinfo->userclose          = 0x12ba0c436
[LOG] SystemI::createSoundInternal             : exinfo->userread           = 0x12ba0c466
[LOG] SystemI::createSoundInternal             : exinfo->userseek           = 0x12ba0c503
[LOG] SystemI::createSoundInternal             : exinfo->fileuserdata       = 0x1349f3a28
[LOG] SystemI::createSoundInternal             : exinfo->initialseekpostype = 1
[LOG] SystemI::createSoundInternal             : Format has 1 subsounds.
[LOG] SystemI::createSoundInternal             : Create as FMOD_CREATESAMPLE
[LOG] SystemI::createSoundInternal             : Multi-sample sound (1 subsounds), create a sample container.
[LOG] SystemI::createSoundInternal             : creating subsound 0/1
[LOG] SystemI::createSample                    : mode 02000202 length 99056 samples, lengthbytes 27168
[LOG] SystemI::createSample                    : channels = 2
[LOG] SystemI::createSample                    : output = 0x122cf8e08
[LOG] OutputSoftware::createSample             : lengthpcm 99056, lengthbytes 27168, channels 2, format 2, freq 48000, mode 0200020a
[LOG] SystemI::createSoundInternal             : No name found in file, use filename.
[LOG] SystemI::createSoundInternal             : done.  OpenState now = FMOD_OPENSTATE_READY.

[LOG] SystemI::createSoundInternal             : filename =  : mode 02000202
[LOG] SystemI::createSoundInternal             : exinfo->cbsize             = 232
[LOG] SystemI::createSoundInternal             : exinfo->length             = 757536
[LOG] SystemI::createSoundInternal             : exinfo->fileoffset         = 38368
[LOG] SystemI::createSoundInternal             : exinfo->numsubsounds       = 1
[LOG] SystemI::createSoundInternal             : exinfo->inclusionlist      = 0x700000045b88
[LOG] SystemI::createSoundInternal             : exinfo->inclusionlistnum   = 1
[LOG] SystemI::createSoundInternal             : exinfo->suggestedsoundtype = 5
[LOG] SystemI::createSoundInternal             : exinfo->useropen           = 0x12ba0c364
[LOG] SystemI::createSoundInternal             : exinfo->userclose          = 0x12ba0c436
[LOG] SystemI::createSoundInternal             : exinfo->userread           = 0x12ba0c466
[LOG] SystemI::createSoundInternal             : exinfo->userseek           = 0x12ba0c503
[LOG] SystemI::createSoundInternal             : exinfo->fileuserdata       = 0x1349f3a28
[LOG] SystemI::createSoundInternal             : exinfo->initialseekpostype = 1
[LOG] SystemI::createSoundInternal             : Format has 1 subsounds.
[LOG] SystemI::createSoundInternal             : Create as FMOD_CREATESAMPLE
[LOG] SystemI::createSoundInternal             : Multi-sample sound (1 subsounds), create a sample container.
[LOG] SystemI::createSoundInternal             : creating subsound 0/1
[LOG] SystemI::createSample                    : mode 02000202 length 386194 samples, lengthbytes 106112
[LOG] SystemI::createSample                    : channels = 2
[LOG] SystemI::createSample                    : output = 0x122cf8e08
[LOG] OutputSoftware::createSample             : lengthpcm 386194, lengthbytes 106112, channels 2, format 2, freq 48000, mode 0200020a
[LOG] SystemI::createSoundInternal             : No name found in file, use filename.
[LOG] SystemI::createSoundInternal             : done.  OpenState now = FMOD_OPENSTATE_READY.

[LOG] SystemI::createSoundInternal             : filename =  : mode 02000202
[LOG] SystemI::createSoundInternal             : exinfo->cbsize             = 232
[LOG] SystemI::createSoundInternal             : exinfo->length             = 757536
[LOG] SystemI::createSoundInternal             : exinfo->fileoffset         = 38368
[LOG] SystemI::createSoundInternal             : exinfo->numsubsounds       = 1
[LOG] SystemI::createSoundInternal             : exinfo->inclusionlist      = 0x700000045b88
[LOG] SystemI::createSoundInternal             : exinfo->inclusionlistnum   = 1
[LOG] SystemI::createSoundInternal             : exinfo->suggestedsoundtype = 5
[LOG] SystemI::createSoundInternal             : exinfo->useropen           = 0x12ba0c364
[LOG] SystemI::createSoundInternal             : exinfo->userclose          = 0x12ba0c436
[LOG] SystemI::createSoundInternal             : exinfo->userread           = 0x12ba0c466
[LOG] SystemI::createSoundInternal             : exinfo->userseek           = 0x12ba0c503
[LOG] SystemI::createSoundInternal             : exinfo->fileuserdata       = 0x1349f3a28
[LOG] SystemI::createSoundInternal             : exinfo->initialseekpostype = 1
[LOG] SystemI::createSoundInternal             : Format has 1 subsounds.
[LOG] SystemI::createSoundInternal             : Create as FMOD_CREATESAMPLE
[LOG] SystemI::createSoundInternal             : Multi-sample sound (1 subsounds), create a sample container.
[LOG] SystemI::createSoundInternal             : creating subsound 0/1
[LOG] SystemI::createSample                    : mode 02000202 length 27585 samples, lengthbytes 2528
[LOG] SystemI::createSample                    : channels = 2
[LOG] SystemI::createSample                    : output = 0x122cf8e08
[LOG] OutputSoftware::createSample             : lengthpcm 27585, lengthbytes 2528, channels 2, format 2, freq 48000, mode 0200020a
[LOG] SystemI::createSoundInternal             : No name found in file, use filename.
[LOG] SystemI::createSoundInternal             : done.  OpenState now = FMOD_OPENSTATE_READY.

[LOG] SystemI::createSoundInternal             : filename =  : mode 02000202
[LOG] SystemI::createSoundInternal             : exinfo->cbsize             = 232
[LOG] SystemI::createSoundInternal             : exinfo->length             = 757536
[LOG] SystemI::createSoundInternal             : exinfo->fileoffset         = 38368
[LOG] SystemI::createSoundInternal             : exinfo->numsubsounds       = 1
[LOG] SystemI::createSoundInternal             : exinfo->inclusionlist      = 0x700000045b88
[LOG] SystemI::createSoundInternal             : exinfo->inclusionlistnum   = 1
[LOG] SystemI::createSoundInternal             : exinfo->suggestedsoundtype = 5
[LOG] SystemI::createSoundInternal             : exinfo->useropen           = 0x12ba0c364
[LOG] SystemI::createSoundInternal             : exinfo->userclose          = 0x12ba0c436
[LOG] SystemI::createSoundInternal             : exinfo->userread           = 0x12ba0c466
[LOG] SystemI::createSoundInternal             : exinfo->userseek           = 0x12ba0c503
[LOG] SystemI::createSoundInternal             : exinfo->fileuserdata       = 0x1349f3a28
[LOG] SystemI::createSoundInternal             : exinfo->initialseekpostype = 1
[LOG] SystemI::createSoundInternal             : Format has 1 subsounds.
[LOG] SystemI::createSoundInternal             : Create as FMOD_CREATESAMPLE
[LOG] SystemI::createSoundInternal             : Multi-sample sound (1 subsounds), create a sample container.
[LOG] SystemI::createSoundInternal             : creating subsound 0/1
[LOG] SystemI::createSample                    : mode 02000202 length 28839 samples, lengthbytes 7552
[LOG] SystemI::createSample                    : channels = 2
[LOG] SystemI::createSample                    : output = 0x122cf8e08
[LOG] OutputSoftware::createSample             : lengthpcm 28839, lengthbytes 7552, channels 2, format 2, freq 48000, mode 0200020a
[LOG] SystemI::createSoundInternal             : No name found in file, use filename.
[LOG] SystemI::createSoundInternal             : done.  OpenState now = FMOD_OPENSTATE_READY.

[LOG] SystemI::createSoundInternal             : filename =  : mode 02000202
[LOG] SystemI::createSoundInternal             : exinfo->cbsize             = 232
[LOG] SystemI::createSoundInternal             : exinfo->length             = 757536
[LOG] SystemI::createSoundInternal             : exinfo->fileoffset         = 38368
[LOG] SystemI::createSoundInternal             : exinfo->numsubsounds       = 1
[LOG] SystemI::createSoundInternal             : exinfo->inclusionlist      = 0x700000045b88
[LOG] SystemI::createSoundInternal             : exinfo->inclusionlistnum   = 1
[LOG] SystemI::createSoundInternal             : exinfo->suggestedsoundtype = 5
[LOG] SystemI::createSoundInternal             : exinfo->useropen           = 0x12ba0c364
[LOG] SystemI::createSoundInternal             : exinfo->userclose          = 0x12ba0c436
[LOG] SystemI::createSoundInternal             : exinfo->userread           = 0x12ba0c466
[LOG] SystemI::createSoundInternal             : exinfo->userseek           = 0x12ba0c503
[LOG] SystemI::createSoundInternal             : exinfo->fileuserdata       = 0x1349f3a28
[LOG] SystemI::createSoundInternal             : exinfo->initialseekpostype = 1
[LOG] SystemI::createSoundInternal             : Format has 1 subsounds.
[LOG] SystemI::createSoundInternal             : Create as FMOD_CREATESAMPLE
[LOG] SystemI::createSoundInternal             : Multi-sample sound (1 subsounds), create a sample container.
[LOG] SystemI::createSoundInternal             : creating subsound 0/1
[LOG] SystemI::createSample                    : mode 02000202 length 387448 samples, lengthbytes 137504
[LOG] SystemI::createSample                    : channels = 2
[LOG] SystemI::createSample                    : output = 0x122cf8e08
[LOG] OutputSoftware::createSample             : lengthpcm 387448, lengthbytes 137504, channels 2, format 2, freq 48000, mode 0200020a
[LOG] SystemI::createSoundInternal             : No name found in file, use filename.
[LOG] SystemI::createSoundInternal             : done.  OpenState now = FMOD_OPENSTATE_READY.

[LOG] SystemI::createSoundInternal             : filename =  : mode 02000202
[LOG] SystemI::createSoundInternal             : exinfo->cbsize             = 232
[LOG] SystemI::createSoundInternal             : exinfo->length             = 757536
[LOG] SystemI::createSoundInternal             : exinfo->fileoffset         = 38368
[LOG] SystemI::createSoundInternal             : exinfo->numsubsounds       = 1
[LOG] SystemI::createSoundInternal             : exinfo->inclusionlist      = 0x700000045b88
[LOG] SystemI::createSoundInternal             : exinfo->inclusionlistnum   = 1
[LOG] SystemI::createSoundInternal             : exinfo->suggestedsoundtype = 5
[LOG] SystemI::createSoundInternal             : exinfo->useropen           = 0x12ba0c364
[LOG] SystemI::createSoundInternal             : exinfo->userclose          = 0x12ba0c436
[LOG] SystemI::createSoundInternal             : exinfo->userread           = 0x12ba0c466
[LOG] SystemI::createSoundInternal             : exinfo->userseek           = 0x12ba0c503
[LOG] SystemI::createSoundInternal             : exinfo->fileuserdata       = 0x1349f3a28
[LOG] SystemI::createSoundInternal             : exinfo->initialseekpostype = 1
[LOG] SystemI::createSoundInternal             : Format has 1 subsounds.
[LOG] SystemI::createSoundInternal             : Create as FMOD_CREATESAMPLE
[LOG] SystemI::createSoundInternal             : Multi-sample sound (1 subsounds), create a sample container.
[LOG] SystemI::createSoundInternal             : creating subsound 0/1
[LOG] SystemI::createSample                    : mode 02000202 length 194351 samples, lengthbytes 52544
[LOG] SystemI::createSample                    : channels = 2
[LOG] SystemI::createSample                    : output = 0x122cf8e08
[LOG] OutputSoftware::createSample             : lengthpcm 194351, lengthbytes 52544, channels 2, format 2, freq 48000, mode 0200020a
[LOG] SystemI::createSoundInternal             : No name found in file, use filename.
[LOG] SystemI::createSoundInternal             : done.  OpenState now = FMOD_OPENSTATE_READY.

[LOG] SystemI::createSoundInternal             : filename =  : mode 02000202
[LOG] SystemI::createSoundInternal             : exinfo->cbsize             = 232
[LOG] SystemI::createSoundInternal             : exinfo->length             = 757536
[LOG] SystemI::createSoundInternal             : exinfo->fileoffset         = 38368
[LOG] SystemI::createSoundInternal             : exinfo->numsubsounds       = 1
[LOG] SystemI::createSoundInternal             : exinfo->inclusionlist      = 0x700000045b88
[LOG] SystemI::createSoundInternal             : exinfo->inclusionlistnum   = 1
[LOG] SystemI::createSoundInternal             : exinfo->suggestedsoundtype = 5
[LOG] SystemI::createSoundInternal             : exinfo->useropen           = 0x12ba0c364
[LOG] SystemI::createSoundInternal             : exinfo->userclose          = 0x12ba0c436
[LOG] SystemI::createSoundInternal             : exinfo->userread           = 0x12ba0c466
[LOG] SystemI::createSoundInternal             : exinfo->userseek           = 0x12ba0c503
[LOG] SystemI::createSoundInternal             : exinfo->fileuserdata       = 0x1349f3a28
[LOG] SystemI::createSoundInternal             : exinfo->initialseekpostype = 1
[LOG] SystemI::createSoundInternal             : Format has 1 subsounds.
[LOG] SystemI::createSoundInternal             : Create as FMOD_CREATESAMPLE
[LOG] SystemI::createSoundInternal             : Multi-sample sound (1 subsounds), create a sample container.
[LOG] SystemI::createSoundInternal             : creating subsound 0/1
[LOG] SystemI::createSample                    : mode 02000202 length 386194 samples, lengthbytes 45088
[LOG] SystemI::createSample                    : channels = 2
[LOG] SystemI::createSample                    : output = 0x122cf8e08
[LOG] OutputSoftware::createSample             : lengthpcm 386194, lengthbytes 45088, channels 2, format 2, freq 48000, mode 0200020a
[LOG] SystemI::createSoundInternal             : No name found in file, use filename.
[LOG] SystemI::createSoundInternal             : done.  OpenState now = FMOD_OPENSTATE_READY.

[LOG] SoundI::release                          :  (0x1349c7368)
[LOG] SoundI::release                          : release subsounds. (0x1349c7368)
[LOG] SoundI::release                          :     Loop 2 Fondo (0x134961a28)
[LOG] SoundI::release                          : release codec. (0x1349c7368)
[LOG] SoundI::release                          :  (0x1234d4198)
[LOG] SoundI::release                          : release subsounds. (0x1234d4198)
[LOG] SoundI::release                          :     Intro Fondo (0x1234dfed8)
[LOG] SoundI::release                          : release codec. (0x1234d4198)
[LOG] SoundI::release                          :  (0x12348e578)
[LOG] SoundI::release                          : release subsounds. (0x12348e578)
[LOG] SoundI::release                          :     Loop 1 Fondo (0x12349a968)
[LOG] SoundI::release                          : release codec. (0x12348e578)
[LOG] SoundI::release                          :  (0x1234d6338)
[LOG] SoundI::release                          : release subsounds. (0x1234d6338)
[LOG] SoundI::release                          :     Piano Loop 1 Fondo (0x1280e2f38)
[LOG] SoundI::release                          : release codec. (0x1234d6338)
[LOG] SoundI::release                          :  (0x123406358)
[LOG] SoundI::release                          : release subsounds. (0x123406358)
[LOG] SoundI::release                          :     Loop 3 Fondo (0x123476ea8)
[LOG] SoundI::release                          : release codec. (0x123406358)
[LOG] SoundI::release                          :  (0x12348e258)
[LOG] SoundI::release                          : release subsounds. (0x12348e258)
[LOG] SoundI::release                          :     Transicion (0x1234860d8)
[LOG] SoundI::release                          : release codec. (0x12348e258)
[LOG] SoundI::release                          :  (0x1234b35e8)
[LOG] SoundI::release                          : release subsounds. (0x1234b35e8)
[LOG] SoundI::release                          :     Bombo 2 x1 (0x1234dd9c8)
[LOG] SoundI::release                          : release codec. (0x1234b35e8)
[LOG] SoundI::release                          :  (0x12348dd48)
[LOG] SoundI::release                          : release subsounds. (0x12348dd48)
[LOG] SoundI::release                          :     Outro (0x1234802a8)
[LOG] SoundI::release                          : release codec. (0x12348dd48)
[LOG] SoundI::release                          :  (0x123490c08)
[LOG] SoundI::release                          : release subsounds. (0x123490c08)
[LOG] SoundI::release                          :     Redo x1 (0x12349fd58)
[LOG] SoundI::release                          : release codec. (0x123490c08)
[LOG] SoundI::release                          :  (0x1234b7638)
[LOG] SoundI::release                          : release subsounds. (0x1234b7638)
[LOG] SoundI::release                          :     Melodia Loop 2 (0x1234de1f8)
[LOG] SoundI::release                          : release codec. (0x1234b7638)
[LOG] SoundI::release                          :  (0x123488d68)
[LOG] SoundI::release                          : release subsounds. (0x123488d68)
[LOG] SoundI::release                          :     Melodia Loop 1 (0x123413088)
[LOG] SoundI::release                          : release codec. (0x123488d68)
[LOG] SoundI::release                          :  (0x123475d28)
[LOG] SoundI::release                          : release subsounds. (0x123475d28)
[LOG] SoundI::release                          :     Redo 2 x1 (0x12343fc38)
[LOG] SoundI::release                          : release codec. (0x123475d28)
[LOG] SoundI::release                          :  (0x12341cd78)
[LOG] SoundI::release                          : release subsounds. (0x12341cd78)
[LOG] SoundI::release                          :     Bombo x1 (0x12346d208)
[LOG] SoundI::release                          : release codec. (0x12341cd78)
[LOG] Thread::callback                         : * FMOD Studio update thread finished
[LOG] Thread::close                            : FMOD Studio update thread thread destroyed
[LOG] Thread::callback                         : * FMOD Studio bank load thread finished
[LOG] Thread::close                            : FMOD Studio bank load thread thread destroyed
[LOG] Profile::disconnectAll                   : Profiler disconnecting all clients
[LOG] Thread::callback                         : * FMOD Studio sample load thread finished
[LOG] Thread::close                            : FMOD Studio sample load thread thread destroyed
[LOG] LiveUpdate::release                      : 
[LOG] LiveUpdate::reset                        : Reset connection (reason Disconnected)
[LOG] SystemI::close                           : 
[LOG] SystemI::close                           : Stop all sounds
[LOG] Thread::callback                         : * FMOD stream thread finished
[LOG] Thread::close                            : FMOD stream thread thread destroyed
[LOG] SystemI::close                           : Stream thread destroyed
[LOG] Thread::callback                         : * FMOD mixer thread finished
[LOG] Thread::close                            : FMOD mixer thread thread destroyed
[LOG] SystemI::close                           : Free master channel group.
[LOG] SystemI::close                           : Remove 'master' sound group.
[LOG] SystemI::close                           : Free software output.
[LOG] SystemI::close                           : Free emulated output.
[LOG] SystemI::close                           : Free channel pool.
[LOG] SystemI::close                           : done.

